Crashlog created at Fri Aug 17 20:02:57 +0200 2012

=== MESSAGE:

NoMethodError: undefined method `find_all' for Gem::Specification:Class

=== COMPILATION STACK:

  (empty)

=== BACKTRACE:

  0. /Users/pragtich/.gem/ruby/1.8/gems/nanoc-3.4.0/lib/nanoc/cli/error_handler.rb:262:in `gems_and_versions'
  1. /Users/pragtich/.gem/ruby/1.8/gems/nanoc-3.4.0/lib/nanoc/cli/error_handler.rb:207:in `write_verbose_error'
  2. /Users/pragtich/.gem/ruby/1.8/gems/nanoc-3.4.0/lib/nanoc/cli/error_handler.rb:92:in `print_error'
  3. /Users/pragtich/.gem/ruby/1.8/gems/nanoc-3.4.0/lib/nanoc/cli/error_handler.rb:92:in `open'
  4. /Users/pragtich/.gem/ruby/1.8/gems/nanoc-3.4.0/lib/nanoc/cli/error_handler.rb:92:in `print_error'
  5. /Users/pragtich/.gem/ruby/1.8/gems/nanoc-3.4.0/lib/nanoc/cli/error_handler.rb:70:in `handle_while'
  6. /Users/pragtich/.gem/ruby/1.8/gems/nanoc-3.4.0/lib/nanoc/cli/error_handler.rb:26:in `handle_while'
  7. /Users/pragtich/.gem/ruby/1.8/gems/nanoc-3.4.0/lib/nanoc/cli/command_runner.rb:13:in `call'
  8. /Users/pragtich/.gem/ruby/1.8/gems/cri-2.2.1/lib/cri/command_dsl.rb:175:in `runner'
  9. /Users/pragtich/.gem/ruby/1.8/gems/cri-2.2.1/lib/cri/command.rb:291:in `call'
  10. /Users/pragtich/.gem/ruby/1.8/gems/cri-2.2.1/lib/cri/command.rb:291:in `run_this'
  11. /Users/pragtich/.gem/ruby/1.8/gems/cri-2.2.1/lib/cri/command.rb:244:in `run'
  12. /Users/pragtich/.gem/ruby/1.8/gems/cri-2.2.1/lib/cri/command.rb:257:in `run'
  13. /Users/pragtich/.gem/ruby/1.8/gems/nanoc-3.4.0/lib/nanoc/cli.rb:47:in `run'
  14. /Users/pragtich/.gem/ruby/1.8/gems/nanoc-3.4.0/lib/nanoc/cli/error_handler.rb:63:in `handle_while'
  15. /Users/pragtich/.gem/ruby/1.8/gems/nanoc-3.4.0/lib/nanoc/cli/error_handler.rb:26:in `handle_while'
  16. /Users/pragtich/.gem/ruby/1.8/gems/nanoc-3.4.0/lib/nanoc/cli.rb:44:in `run'
  17. /Users/pragtich/.gem/ruby/1.8/gems/nanoc-3.4.0/bin/nanoc:19
  18. /Users/pragtich/.gem/ruby/1.8/bin/nanoc:19:in `load'
  19. /Users/pragtich/.gem/ruby/1.8/bin/nanoc:19

=== VERSION INFORMATION:

nanoc 3.4.0 © 2007-2012 Denis Defreyne.
Running ruby 1.8.7 (2010-01-10) on universal-darwin10.0 with RubyGems 1.3.5.

=== INSTALLED GEMS:

